#-----------------------------------------------------------
# Vivado v2019.1 (64-bit)
# SW Build 2552052 on Fri May 24 14:49:42 MDT 2019
# IP Build 2548770 on Fri May 24 18:01:18 MDT 2019
# Start of session at: Sat Aug  1 10:20:53 2020
# Process ID: 10728
# Current directory: D:/xilinx/cma/Xilinx-/Lab_10
# Command line: vivado.exe -gui_launcher_event rodinguilauncherevent9164 D:\xilinx\cma\Xilinx-\Lab_10\Lab_10.xpr
# Log file: D:/xilinx/cma/Xilinx-/Lab_10/vivado.log
# Journal file: D:/xilinx/cma/Xilinx-/Lab_10\vivado.jou
#-----------------------------------------------------------
start_gui
open_project D:/xilinx/cma/Xilinx-/Lab_10/Lab_10.xpr
INFO: [Project 1-313] Project file moved from 'D:/xilinx/lab/Lab_10' since last save.
WARNING: [Project 1-312] File not found as 'D:/xilinx/cma/pic/100 100/SEU_Picture_R_Rom.coe'; using path 'D:/xilinx/pic/100 100/SEU_Picture_R_Rom.coe' instead.
WARNING: [Project 1-312] File not found as 'D:/xilinx/cma/pic/100 100/SEU_Picture_G_Rom.coe'; using path 'D:/xilinx/pic/100 100/SEU_Picture_G_Rom.coe' instead.
WARNING: [Project 1-312] File not found as 'D:/xilinx/cma/pic/100 100/SEU_Picture_B_Rom.coe'; using path 'D:/xilinx/pic/100 100/SEU_Picture_B_Rom.coe' instead.
Scanning sources...
Finished scanning sources
WARNING: [Project 1-312] File not found as 'D:/xilinx/cma/pic/100 100/SEU_Picture_R_Rom.coe'; using path 'D:/xilinx/pic/100 100/SEU_Picture_R_Rom.coe' instead.
WARNING: [Project 1-312] File not found as 'D:/xilinx/cma/pic/100 100/SEU_Picture_G_Rom.coe'; using path 'D:/xilinx/pic/100 100/SEU_Picture_G_Rom.coe' instead.
WARNING: [Project 1-312] File not found as 'D:/xilinx/cma/pic/100 100/SEU_Picture_B_Rom.coe'; using path 'D:/xilinx/pic/100 100/SEU_Picture_B_Rom.coe' instead.
WARNING: [Project 1-312] File not found as 'D:/xilinx/cma/pic/100 100/SEU_Picture_R_Rom.coe'; using path 'D:/xilinx/pic/100 100/SEU_Picture_R_Rom.coe' instead.
WARNING: [Project 1-312] File not found as 'D:/xilinx/cma/pic/100 100/SEU_Picture_G_Rom.coe'; using path 'D:/xilinx/pic/100 100/SEU_Picture_G_Rom.coe' instead.
WARNING: [Project 1-312] File not found as 'D:/xilinx/cma/pic/100 100/SEU_Picture_B_Rom.coe'; using path 'D:/xilinx/pic/100 100/SEU_Picture_B_Rom.coe' instead.
INFO: [filemgmt 56-1] IP Repository Path: Directory not found as 'D:/xilinx/cma/SEA-Tutorial/IP_Core/RGB2DVI_IP'; using path 'D:/xilinx/SEA-Tutorial/IP_Core/RGB2DVI_IP' instead.
INFO: [IP_Flow 19-234] Refreshing IP repositories
INFO: [IP_Flow 19-1700] Loaded user IP repository 'd:/xilinx/SEA-Tutorial/IP_Core/RGB2DVI_IP'.
INFO: [IP_Flow 19-2313] Loaded Vivado IP repository 'D:/Vivado/2019.1/data/ip'.
open_project: Time (s): cpu = 00:00:18 ; elapsed = 00:00:15 . Memory (MB): peak = 735.734 ; gain = 106.953
update_compile_order -fileset sources_1
export_ip_user_files -of_objects  [get_files {{D:/xilinx/pic/100 100/SEU_Picture_B_Rom.coe}}] -no_script -reset -force -quiet
remove_files  {{D:/xilinx/pic/100 100/SEU_Picture_B_Rom.coe}}
export_ip_user_files -of_objects  [get_files {{D:/xilinx/pic/100 100/SEU_Picture_G_Rom.coe}}] -no_script -reset -force -quiet
remove_files  {{D:/xilinx/pic/100 100/SEU_Picture_G_Rom.coe}}
export_ip_user_files -of_objects  [get_files {{D:/xilinx/pic/100 100/SEU_Picture_R_Rom.coe}}] -no_script -reset -force -quiet
remove_files  {{D:/xilinx/pic/100 100/SEU_Picture_R_Rom.coe}}
WARNING: [IP_Flow 19-4067] Ignoring invalid widget type specified checkbox.Providing a default widget
WARNING: [IP_Flow 19-4067] Ignoring invalid widget type specified checkbox.Providing a default widget
INFO: [IP_Flow 19-3484] Absolute path of file 'd:/xilinx/cma/Xilinx-/Matlab/100 100/SEU_Picture_R_Rom.coe' provided. It will be converted relative to IP Instance files '../../../../../Matlab/100 100/SEU_Picture_R_Rom.coe'
set_property -dict [list CONFIG.Coe_File {D:/xilinx/cma/Xilinx-/Matlab/100 100/SEU_Picture_R_Rom.coe}] [get_ips Picture_R_Rom]
INFO: [IP_Flow 19-3484] Absolute path of file 'd:/xilinx/cma/Xilinx-/Matlab/100 100/SEU_Picture_R_Rom.coe' provided. It will be converted relative to IP Instance files '../../../../../Matlab/100 100/SEU_Picture_R_Rom.coe'
WARNING: [IP_Flow 19-4067] Ignoring invalid widget type specified checkbox.Providing a default widget
WARNING: [IP_Flow 19-4067] Ignoring invalid widget type specified checkbox.Providing a default widget
INFO: [IP_Flow 19-3484] Absolute path of file 'd:/xilinx/cma/Xilinx-/Matlab/100 100/SEU_Picture_G_Rom.coe' provided. It will be converted relative to IP Instance files '../../../../../Matlab/100 100/SEU_Picture_G_Rom.coe'
set_property -dict [list CONFIG.Coe_File {D:/xilinx/cma/Xilinx-/Matlab/100 100/SEU_Picture_G_Rom.coe}] [get_ips Picture_G_Rom]
INFO: [IP_Flow 19-3484] Absolute path of file 'd:/xilinx/cma/Xilinx-/Matlab/100 100/SEU_Picture_G_Rom.coe' provided. It will be converted relative to IP Instance files '../../../../../Matlab/100 100/SEU_Picture_G_Rom.coe'
WARNING: [IP_Flow 19-4067] Ignoring invalid widget type specified checkbox.Providing a default widget
WARNING: [IP_Flow 19-4067] Ignoring invalid widget type specified checkbox.Providing a default widget
INFO: [IP_Flow 19-3484] Absolute path of file 'd:/xilinx/cma/Xilinx-/Matlab/100 100/SEU_Picture_B_Rom.coe' provided. It will be converted relative to IP Instance files '../../../../../Matlab/100 100/SEU_Picture_B_Rom.coe'
set_property -dict [list CONFIG.Coe_File {D:/xilinx/cma/Xilinx-/Matlab/100 100/SEU_Picture_B_Rom.coe}] [get_ips Picture_B_Rom]
INFO: [IP_Flow 19-3484] Absolute path of file 'd:/xilinx/cma/Xilinx-/Matlab/100 100/SEU_Picture_B_Rom.coe' provided. It will be converted relative to IP Instance files '../../../../../Matlab/100 100/SEU_Picture_B_Rom.coe'
reset_run Picture_R_Rom_synth_1
reset_run Picture_G_Rom_synth_1
reset_run Picture_B_Rom_synth_1
reset_run synth_1
launch_runs synth_1 -jobs 4
[Sat Aug  1 10:24:42 2020] Launched Picture_R_Rom_synth_1, Picture_G_Rom_synth_1, Picture_B_Rom_synth_1...
Run output will be captured here:
Picture_R_Rom_synth_1: D:/xilinx/cma/Xilinx-/Lab_10/Lab_10.runs/Picture_R_Rom_synth_1/runme.log
Picture_G_Rom_synth_1: D:/xilinx/cma/Xilinx-/Lab_10/Lab_10.runs/Picture_G_Rom_synth_1/runme.log
Picture_B_Rom_synth_1: D:/xilinx/cma/Xilinx-/Lab_10/Lab_10.runs/Picture_B_Rom_synth_1/runme.log
[Sat Aug  1 10:24:43 2020] Launched synth_1...
Run output will be captured here: D:/xilinx/cma/Xilinx-/Lab_10/Lab_10.runs/synth_1/runme.log
launch_runs impl_1 -jobs 4
[Sat Aug  1 10:24:48 2020] Launched Picture_R_Rom_synth_1, Picture_G_Rom_synth_1, Picture_B_Rom_synth_1, synth_1...
Run output will be captured here:
Picture_R_Rom_synth_1: D:/xilinx/cma/Xilinx-/Lab_10/Lab_10.runs/Picture_R_Rom_synth_1/runme.log
Picture_G_Rom_synth_1: D:/xilinx/cma/Xilinx-/Lab_10/Lab_10.runs/Picture_G_Rom_synth_1/runme.log
Picture_B_Rom_synth_1: D:/xilinx/cma/Xilinx-/Lab_10/Lab_10.runs/Picture_B_Rom_synth_1/runme.log
synth_1: D:/xilinx/cma/Xilinx-/Lab_10/Lab_10.runs/synth_1/runme.log
[Sat Aug  1 10:24:49 2020] Launched impl_1...
Run output will be captured here: D:/xilinx/cma/Xilinx-/Lab_10/Lab_10.runs/impl_1/runme.log
WARNING: [IP_Flow 19-4067] Ignoring invalid widget type specified checkbox.Providing a default widget
WARNING: [IP_Flow 19-4067] Ignoring invalid widget type specified checkbox.Providing a default widget
INFO: [IP_Flow 19-3484] Absolute path of file 'd:/xilinx/cma/Xilinx-/Matlab/100 100/SEU_Picture_R_Rom.coe' provided. It will be converted relative to IP Instance files '../../../../../Matlab/100 100/SEU_Picture_R_Rom.coe'
set_property -dict [list CONFIG.Coe_File {D:/xilinx/cma/Xilinx-/Matlab/100 100/SEU_Picture_R_Rom.coe}] [get_ips Picture_R_Rom]
INFO: [IP_Flow 19-3484] Absolute path of file 'd:/xilinx/cma/Xilinx-/Matlab/100 100/SEU_Picture_R_Rom.coe' provided. It will be converted relative to IP Instance files '../../../../../Matlab/100 100/SEU_Picture_R_Rom.coe'
reset_run synth_1
launch_runs synth_1 -jobs 4
[Sat Aug  1 10:28:42 2020] Launched synth_1...
Run output will be captured here: D:/xilinx/cma/Xilinx-/Lab_10/Lab_10.runs/synth_1/runme.log
exit
INFO: [Common 17-206] Exiting Vivado at Sat Aug  1 10:29:47 2020...
