#-----------------------------------------------------------
# Vivado v2019.1 (64-bit)
# SW Build 2552052 on Fri May 24 14:49:42 MDT 2019
# IP Build 2548770 on Fri May 24 18:01:18 MDT 2019
# Start of session at: Sat Aug  1 10:30:07 2020
# Process ID: 6128
# Current directory: D:/xilinx/cma/Xilinx-/Lab_10
# Command line: vivado.exe -gui_launcher_event rodinguilauncherevent9396 D:\xilinx\cma\Xilinx-\Lab_10\Lab_10.xpr
# Log file: D:/xilinx/cma/Xilinx-/Lab_10/vivado.log
# Journal file: D:/xilinx/cma/Xilinx-/Lab_10\vivado.jou
#-----------------------------------------------------------
start_gui
open_project D:/xilinx/cma/Xilinx-/Lab_10/Lab_10.xpr
CRITICAL WARNING: [Project 1-19] Could not find the file 'D:/xilinx/cma/pic/100 100/SEU_Picture_R_Rom.coe'.
CRITICAL WARNING: [Project 1-19] Could not find the file 'D:/xilinx/cma/pic/100 100/SEU_Picture_G_Rom.coe'.
CRITICAL WARNING: [Project 1-19] Could not find the file 'D:/xilinx/cma/pic/100 100/SEU_Picture_B_Rom.coe'.
Scanning sources...
Finished scanning sources
INFO: [IP_Flow 19-234] Refreshing IP repositories
INFO: [IP_Flow 19-1700] Loaded user IP repository 'd:/xilinx/SEA-Tutorial/IP_Core/RGB2DVI_IP'.
INFO: [IP_Flow 19-2313] Loaded Vivado IP repository 'D:/Vivado/2019.1/data/ip'.
open_project: Time (s): cpu = 00:00:20 ; elapsed = 00:00:08 . Memory (MB): peak = 749.871 ; gain = 121.191
update_compile_order -fileset sources_1
reset_run synth_1
launch_runs synth_1 -jobs 4
[Sat Aug  1 10:31:10 2020] Launched synth_1...
Run output will be captured here: D:/xilinx/cma/Xilinx-/Lab_10/Lab_10.runs/synth_1/runme.log
WARNING: [IP_Flow 19-4067] Ignoring invalid widget type specified checkbox.Providing a default widget
WARNING: [IP_Flow 19-4067] Ignoring invalid widget type specified checkbox.Providing a default widget
INFO: [IP_Flow 19-3484] Absolute path of file 'd:/xilinx/pic/100 100/SEU_Picture_R_Rom.coe' provided. It will be converted relative to IP Instance files '../../../../../../../pic/100 100/SEU_Picture_R_Rom.coe'
set_property -dict [list CONFIG.Coe_File {D:/xilinx/pic/100 100/SEU_Picture_R_Rom.coe}] [get_ips Picture_R_Rom]
INFO: [IP_Flow 19-3484] Absolute path of file 'd:/xilinx/pic/100 100/SEU_Picture_R_Rom.coe' provided. It will be converted relative to IP Instance files '../../../../../../../pic/100 100/SEU_Picture_R_Rom.coe'
WARNING: [IP_Flow 19-4067] Ignoring invalid widget type specified checkbox.Providing a default widget
WARNING: [IP_Flow 19-4067] Ignoring invalid widget type specified checkbox.Providing a default widget
INFO: [IP_Flow 19-3484] Absolute path of file 'd:/xilinx/pic/100 100/SEU_Picture_G_Rom.coe' provided. It will be converted relative to IP Instance files '../../../../../../../pic/100 100/SEU_Picture_G_Rom.coe'
set_property -dict [list CONFIG.Coe_File {D:/xilinx/pic/100 100/SEU_Picture_G_Rom.coe}] [get_ips Picture_G_Rom]
INFO: [IP_Flow 19-3484] Absolute path of file 'd:/xilinx/pic/100 100/SEU_Picture_G_Rom.coe' provided. It will be converted relative to IP Instance files '../../../../../../../pic/100 100/SEU_Picture_G_Rom.coe'
WARNING: [IP_Flow 19-4067] Ignoring invalid widget type specified checkbox.Providing a default widget
WARNING: [IP_Flow 19-4067] Ignoring invalid widget type specified checkbox.Providing a default widget
INFO: [IP_Flow 19-3484] Absolute path of file 'd:/xilinx/pic/100 100/SEU_Picture_B_Rom.coe' provided. It will be converted relative to IP Instance files '../../../../../../../pic/100 100/SEU_Picture_B_Rom.coe'
set_property -dict [list CONFIG.Coe_File {D:/xilinx/pic/100 100/SEU_Picture_B_Rom.coe}] [get_ips Picture_B_Rom]
INFO: [IP_Flow 19-3484] Absolute path of file 'd:/xilinx/pic/100 100/SEU_Picture_B_Rom.coe' provided. It will be converted relative to IP Instance files '../../../../../../../pic/100 100/SEU_Picture_B_Rom.coe'
reset_run synth_1
launch_runs synth_1 -jobs 4
[Sat Aug  1 10:34:24 2020] Launched synth_1...
Run output will be captured here: D:/xilinx/cma/Xilinx-/Lab_10/Lab_10.runs/synth_1/runme.log
WARNING: [IP_Flow 19-4067] Ignoring invalid widget type specified checkbox.Providing a default widget
WARNING: [IP_Flow 19-4067] Ignoring invalid widget type specified checkbox.Providing a default widget
reset_run synth_1
launch_runs synth_1 -jobs 4
[Sat Aug  1 10:37:23 2020] Launched synth_1...
Run output will be captured here: D:/xilinx/cma/Xilinx-/Lab_10/Lab_10.runs/synth_1/runme.log
WARNING: [IP_Flow 19-4067] Ignoring invalid widget type specified checkbox.Providing a default widget
WARNING: [IP_Flow 19-4067] Ignoring invalid widget type specified checkbox.Providing a default widget
INFO: [IP_Flow 19-3484] Absolute path of file 'd:/xilinx/pic/100 100/SEU_Picture_R_Rom.coe' provided. It will be converted relative to IP Instance files '../../../../../../../pic/100 100/SEU_Picture_R_Rom.coe'
set_property -dict [list CONFIG.Coe_File {D:/xilinx/pic/100 100/SEU_Picture_R_Rom.coe}] [get_ips Picture_R_Rom]
INFO: [IP_Flow 19-3484] Absolute path of file 'd:/xilinx/pic/100 100/SEU_Picture_R_Rom.coe' provided. It will be converted relative to IP Instance files '../../../../../../../pic/100 100/SEU_Picture_R_Rom.coe'
export_ip_user_files -of_objects  [get_files {{D:/xilinx/cma/Xilinx-/Matlab/100 100/SEU_Picture_B_Rom.coe}}] -no_script -reset -force -quiet
remove_files  {{D:/xilinx/cma/Xilinx-/Matlab/100 100/SEU_Picture_B_Rom.coe}}
export_ip_user_files -of_objects  [get_files {{d:/xilinx/pic/100 100/SEU_Picture_B_Rom.coe}}] -no_script -reset -force -quiet
remove_files  {{d:/xilinx/pic/100 100/SEU_Picture_B_Rom.coe}}
export_ip_user_files -of_objects  [get_files {{D:/xilinx/cma/Xilinx-/Matlab/100 100/SEU_Picture_G_Rom.coe}}] -no_script -reset -force -quiet
remove_files  {{D:/xilinx/cma/Xilinx-/Matlab/100 100/SEU_Picture_G_Rom.coe}}
export_ip_user_files -of_objects  [get_files {{d:/xilinx/pic/100 100/SEU_Picture_G_Rom.coe}}] -no_script -reset -force -quiet
remove_files  {{d:/xilinx/pic/100 100/SEU_Picture_G_Rom.coe}}
export_ip_user_files -of_objects  [get_files {{D:/xilinx/cma/Xilinx-/Matlab/100 100/SEU_Picture_R_Rom.coe}}] -no_script -reset -force -quiet
remove_files  {{D:/xilinx/cma/Xilinx-/Matlab/100 100/SEU_Picture_R_Rom.coe}}
export_ip_user_files -of_objects  [get_files {{d:/xilinx/pic/100 100/SEU_Picture_R_Rom.coe}}] -no_script -reset -force -quiet
remove_files  {{d:/xilinx/pic/100 100/SEU_Picture_R_Rom.coe}}
export_ip_user_files -of_objects  [get_files {{D:/xilinx/cma/pic/100 100/SEU_Picture_B_Rom.coe}}] -no_script -reset -force -quiet
remove_files  {{D:/xilinx/cma/pic/100 100/SEU_Picture_B_Rom.coe}}
export_ip_user_files -of_objects  [get_files {{D:/xilinx/cma/pic/100 100/SEU_Picture_G_Rom.coe}}] -no_script -reset -force -quiet
remove_files  {{D:/xilinx/cma/pic/100 100/SEU_Picture_G_Rom.coe}}
export_ip_user_files -of_objects  [get_files {{D:/xilinx/cma/pic/100 100/SEU_Picture_R_Rom.coe}}] -no_script -reset -force -quiet
remove_files  {{D:/xilinx/cma/pic/100 100/SEU_Picture_R_Rom.coe}}
WARNING: [IP_Flow 19-4067] Ignoring invalid widget type specified checkbox.Providing a default widget
WARNING: [IP_Flow 19-4067] Ignoring invalid widget type specified checkbox.Providing a default widget
INFO: [IP_Flow 19-3484] Absolute path of file 'd:/xilinx/pic/100 100/SEU_Picture_R_Rom.coe' provided. It will be converted relative to IP Instance files '../../../../../../../pic/100 100/SEU_Picture_R_Rom.coe'
INFO: [IP_Flow 19-3484] Absolute path of file 'd:/xilinx/cma/Xilinx-/Matlab/100 100/SEU_Picture_R_Rom.coe' provided. It will be converted relative to IP Instance files '../../../../../Matlab/100 100/SEU_Picture_R_Rom.coe'
set_property -dict [list CONFIG.Coe_File {D:/xilinx/cma/Xilinx-/Matlab/100 100/SEU_Picture_R_Rom.coe}] [get_ips Picture_R_Rom]
INFO: [IP_Flow 19-3484] Absolute path of file 'd:/xilinx/cma/Xilinx-/Matlab/100 100/SEU_Picture_R_Rom.coe' provided. It will be converted relative to IP Instance files '../../../../../Matlab/100 100/SEU_Picture_R_Rom.coe'
WARNING: [IP_Flow 19-4067] Ignoring invalid widget type specified checkbox.Providing a default widget
WARNING: [IP_Flow 19-4067] Ignoring invalid widget type specified checkbox.Providing a default widget
INFO: [IP_Flow 19-3484] Absolute path of file 'd:/xilinx/cma/Xilinx-/Matlab/100 100/SEU_Picture_G_Rom.coe' provided. It will be converted relative to IP Instance files '../../../../../Matlab/100 100/SEU_Picture_G_Rom.coe'
set_property -dict [list CONFIG.Coe_File {D:/xilinx/cma/Xilinx-/Matlab/100 100/SEU_Picture_G_Rom.coe}] [get_ips Picture_G_Rom]
INFO: [IP_Flow 19-3484] Absolute path of file 'd:/xilinx/cma/Xilinx-/Matlab/100 100/SEU_Picture_G_Rom.coe' provided. It will be converted relative to IP Instance files '../../../../../Matlab/100 100/SEU_Picture_G_Rom.coe'
WARNING: [IP_Flow 19-4067] Ignoring invalid widget type specified checkbox.Providing a default widget
WARNING: [IP_Flow 19-4067] Ignoring invalid widget type specified checkbox.Providing a default widget
INFO: [IP_Flow 19-3484] Absolute path of file 'd:/xilinx/cma/Xilinx-/Matlab/100 100/SEU_Picture_B_Rom.coe' provided. It will be converted relative to IP Instance files '../../../../../Matlab/100 100/SEU_Picture_B_Rom.coe'
set_property -dict [list CONFIG.Coe_File {D:/xilinx/cma/Xilinx-/Matlab/100 100/SEU_Picture_B_Rom.coe}] [get_ips Picture_B_Rom]
INFO: [IP_Flow 19-3484] Absolute path of file 'd:/xilinx/cma/Xilinx-/Matlab/100 100/SEU_Picture_B_Rom.coe' provided. It will be converted relative to IP Instance files '../../../../../Matlab/100 100/SEU_Picture_B_Rom.coe'
reset_run synth_1
launch_runs synth_1 -jobs 4
[Sat Aug  1 10:47:19 2020] Launched synth_1...
Run output will be captured here: D:/xilinx/cma/Xilinx-/Lab_10/Lab_10.runs/synth_1/runme.log
launch_runs impl_1 -jobs 4
[Sat Aug  1 10:48:13 2020] Launched impl_1...
Run output will be captured here: D:/xilinx/cma/Xilinx-/Lab_10/Lab_10.runs/impl_1/runme.log
launch_runs impl_1 -to_step write_bitstream -jobs 4
[Sat Aug  1 10:49:43 2020] Launched impl_1...
Run output will be captured here: D:/xilinx/cma/Xilinx-/Lab_10/Lab_10.runs/impl_1/runme.log
exit
INFO: [Common 17-206] Exiting Vivado at Sat Aug  1 10:50:55 2020...
